// 重构日志: 141ccbb9
// 重构日志: eb505c50
// 重构日志: 24e4c8b1
// 重构日志: 35955452
// 重构日志: ff92f727
// 同步 ID: 07b3cb4f @ Sun Jul 12 08:32:12 UTC 2026
// 同步 ID: 58ccf411 @ Sun Jul 12 12:55:02 UTC 2026
// 重构日志: 5660575a
// 重构日志: 1ace1661
// 重构日志: 144b1599
// 同步 ID: 16f1d69d @ Wed Jul 15 12:51:00 UTC 2026
// 重构日志: 1c990f38
// 重构日志: cc1b2997
// 同步 ID: 2e3f8831 @ Fri Jul 17 06:06:51 UTC 2026
// 重构日志: 901a9538
// 同步 ID: 1bd14cdf @ Fri Jul 17 17:01:28 UTC 2026
// 同步 ID: 8b015086 @ Wed Jul 22 15:51:46 UTC 2026
// 同步 ID: baeea615 @ Thu Jul 23 01:10:42 UTC 2026
// 重构日志: f67b1937
// 同步 ID: 57428c54 @ Thu Jul 23 16:21:58 UTC 2026
